<?xml version="1.0" encoding="UTF-8"?>
<!-- Generated by org.testng.reporters.JUnitXMLReporter -->
<testsuite hostname="BL084-Sathish" ignored="18" name="Test" tests="11" failures="1" timestamp="07 Feb 2023 16:29:39 GMT" time="162.487" errors="0">
  <testcase name="critirionDataEntryLogin" time="4.802" classname="test.attest360.testCases.Fresher"/>
  <testcase name="select_customer" time="48.069" classname="test.attest360.testCases.Fresher"/>
  <testcase name="enterBasicDetails" time="15.295" classname="test.attest360.testCases.Fresher"/>
  <testcase name="fillDataAuthorization" time="19.828" classname="test.attest360.testCases.Fresher"/>
  <testcase name="fillDataSetBasic" time="4.024" classname="test.attest360.testCases.Fresher"/>
  <testcase name="fillDataSetEducation" time="10.065" classname="test.attest360.testCases.Fresher"/>
  <testcase name="fillDataSetAddress" time="12.866" classname="test.attest360.testCases.Fresher"/>
  <testcase name="fillDataSetIdentification" time="8.854" classname="test.attest360.testCases.Fresher">
    <failure type="org.openqa.selenium.NoSuchElementException" message="no such element: Unable to locate element: {&amp;quot;method&amp;quot;:&amp;quot;xpath&amp;quot;,&amp;quot;selector&amp;quot;:&amp;quot;//button[@class=&amp;apos;btn btn-sm btn-outline-dark &amp;apos; and @id=&amp;apos;finalSave&amp;apos;]&amp;quot;}
  (Session info: chrome=109.0.5414.120)
For documentation on this error, please visit: https://selenium.dev/exceptions/#no_such_element
Build info: version: &amp;apos;4.4.0&amp;apos;, revision: &amp;apos;e5c75ed026a&amp;apos;
System info: host: &amp;apos;BL084-SATHISH&amp;apos;, ip: &amp;apos;169.254.21.81&amp;apos;, os.name: &amp;apos;Windows 10&amp;apos;, os.arch: &amp;apos;amd64&amp;apos;, os.version: &amp;apos;10.0&amp;apos;, java.version: &amp;apos;1.8.0_231&amp;apos;
Driver info: org.openqa.selenium.chrome.ChromeDriver
Command: [cc9cde2a9a737e774bbe0d727b28a7a1, findElement {using=xpath, value=//button[@class=&amp;apos;btn btn-sm btn-outline-dark &amp;apos; and @id=&amp;apos;finalSave&amp;apos;]}]
Capabilities {acceptInsecureCerts: false, browserName: chrome, browserVersion: 109.0.5414.120, chrome: {chromedriverVersion: 109.0.5414.74 (e7c5703604da..., userDataDir: C:\Users\DURGAP~1\AppData\L...}, goog:chromeOptions: {debuggerAddress: localhost:53696}, networkConnectionEnabled: false, pageLoadStrategy: normal, platformName: WINDOWS, proxy: Proxy(), se:cdp: ws://localhost:53696/devtoo..., se:cdpVersion: 109.0.5414.120, setWindowRect: true, strictFileInteractability: false, timeouts: {implicit: 0, pageLoad: 300000, script: 30000}, unhandledPromptBehavior: dismiss and notify, webauthn:extension:credBlob: true, webauthn:extension:largeBlob: true, webauthn:virtualAuthenticators: true}
Session ID: cc9cde2a9a737e774bbe0d727b28a7a1">
      <![CDATA[org.openqa.selenium.NoSuchElementException: no such element: Unable to locate element: {"method":"xpath","selector":"//button[@class='btn btn-sm btn-outline-dark ' and @id='finalSave']"}
  (Session info: chrome=109.0.5414.120)
For documentation on this error, please visit: https://selenium.dev/exceptions/#no_such_element
Build info: version: '4.4.0', revision: 'e5c75ed026a'
System info: host: 'BL084-SATHISH', ip: '169.254.21.81', os.name: 'Windows 10', os.arch: 'amd64', os.version: '10.0', java.version: '1.8.0_231'
Driver info: org.openqa.selenium.chrome.ChromeDriver
Command: [cc9cde2a9a737e774bbe0d727b28a7a1, findElement {using=xpath, value=//button[@class='btn btn-sm btn-outline-dark ' and @id='finalSave']}]
Capabilities {acceptInsecureCerts: false, browserName: chrome, browserVersion: 109.0.5414.120, chrome: {chromedriverVersion: 109.0.5414.74 (e7c5703604da..., userDataDir: C:\Users\DURGAP~1\AppData\L...}, goog:chromeOptions: {debuggerAddress: localhost:53696}, networkConnectionEnabled: false, pageLoadStrategy: normal, platformName: WINDOWS, proxy: Proxy(), se:cdp: ws://localhost:53696/devtoo..., se:cdpVersion: 109.0.5414.120, setWindowRect: true, strictFileInteractability: false, timeouts: {implicit: 0, pageLoad: 300000, script: 30000}, unhandledPromptBehavior: dismiss and notify, webauthn:extension:credBlob: true, webauthn:extension:largeBlob: true, webauthn:virtualAuthenticators: true}
Session ID: cc9cde2a9a737e774bbe0d727b28a7a1
at org.openqa.selenium.remote.codec.w3c.W3CHttpResponseCodec.createException(W3CHttpResponseCodec.java:200)
at org.openqa.selenium.remote.codec.w3c.W3CHttpResponseCodec.decode(W3CHttpResponseCodec.java:133)
at org.openqa.selenium.remote.codec.w3c.W3CHttpResponseCodec.decode(W3CHttpResponseCodec.java:53)
at org.openqa.selenium.remote.HttpCommandExecutor.execute(HttpCommandExecutor.java:184)
at org.openqa.selenium.remote.service.DriverCommandExecutor.invokeExecute(DriverCommandExecutor.java:167)
at org.openqa.selenium.remote.service.DriverCommandExecutor.execute(DriverCommandExecutor.java:142)
at org.openqa.selenium.remote.RemoteWebDriver.execute(RemoteWebDriver.java:547)
at org.openqa.selenium.remote.ElementLocation$ElementFinder$2.findElement(ElementLocation.java:162)
at org.openqa.selenium.remote.ElementLocation.findElement(ElementLocation.java:60)
at org.openqa.selenium.remote.RemoteWebDriver.findElement(RemoteWebDriver.java:365)
at org.openqa.selenium.remote.RemoteWebDriver.findElement(RemoteWebDriver.java:357)
at org.openqa.selenium.support.pagefactory.DefaultElementLocator.findElement(DefaultElementLocator.java:70)
at org.openqa.selenium.support.pagefactory.internal.LocatingElementHandler.invoke(LocatingElementHandler.java:39)
at com.sun.proxy.$Proxy15.getWrappedElement(Unknown Source)
at org.openqa.selenium.remote.internal.WebElementToJsonConverter.apply(WebElementToJsonConverter.java:51)
at java.util.stream.ReferencePipeline$3$1.accept(ReferencePipeline.java:193)
at java.util.Spliterators$ArraySpliterator.forEachRemaining(Spliterators.java:948)
at java.util.stream.AbstractPipeline.copyInto(AbstractPipeline.java:482)
at java.util.stream.AbstractPipeline.wrapAndCopyInto(AbstractPipeline.java:472)
at java.util.stream.ReduceOps$ReduceOp.evaluateSequential(ReduceOps.java:708)
at java.util.stream.AbstractPipeline.evaluate(AbstractPipeline.java:234)
at java.util.stream.ReferencePipeline.collect(ReferencePipeline.java:499)
at org.openqa.selenium.remote.RemoteWebDriver.executeScript(RemoteWebDriver.java:478)
at test.attest360.testCases.BaseClass.javaScriptExecutorClick(BaseClass.java:145)
at test.attest360.pageObjects.FillData_Fresher.finalSave(FillData_Fresher.java:472)
at test.attest360.testCases.Fresher.fillDataSetIdentification(Fresher.java:270)
... Removed 29 stack frames]]>
    </failure>
  </testcase> <!-- fillDataSetIdentification -->
  <testcase name="logoutAsDataEntry" time="5.65" classname="test.attest360.testCases.Fresher"/>
  <testcase name="critirionQaLogin" time="0.485" classname="test.attest360.testCases.Fresher"/>
  <testcase name="runAutoDeligate" time="20.286" classname="test.attest360.testCases.Fresher"/>
  <testcase name="QADecision" time="0.0" classname="test.attest360.testCases.Fresher">
    <ignored/>
  </testcase> <!-- QADecision -->
  <testcase name="verifiertoDataentryInsufficiency" time="0.0" classname="test.attest360.testCases.Fresher">
    <ignored/>
  </testcase> <!-- verifiertoDataentryInsufficiency -->
  <testcase name="stopBgvFlow6" time="0.0" classname="test.attest360.testCases.Fresher">
    <ignored/>
  </testcase> <!-- stopBgvFlow6 -->
  <testcase name="critirinverifierLogin" time="0.0" classname="test.attest360.testCases.Fresher">
    <ignored/>
  </testcase> <!-- critirinverifierLogin -->
  <testcase name="stopBgvFlow5" time="0.0" classname="test.attest360.testCases.Fresher">
    <ignored/>
  </testcase> <!-- stopBgvFlow5 -->
  <testcase name="rejectToDataEntryfromQA" time="0.0" classname="test.attest360.testCases.Fresher">
    <ignored/>
  </testcase> <!-- rejectToDataEntryfromQA -->
  <testcase name="logoutAsQA" time="0.0" classname="test.attest360.testCases.Fresher">
    <ignored/>
  </testcase> <!-- logoutAsQA -->
  <testcase name="InsufficientFlowSelf" time="0.0" classname="test.attest360.testCases.Fresher">
    <ignored/>
  </testcase> <!-- InsufficientFlowSelf -->
  <testcase name="rejectToVerifierfromQA" time="0.0" classname="test.attest360.testCases.Fresher">
    <ignored/>
  </testcase> <!-- rejectToVerifierfromQA -->
  <testcase name="notAppicableAndOnHoldFlow" time="0.0" classname="test.attest360.testCases.Fresher">
    <ignored/>
  </testcase> <!-- notAppicableAndOnHoldFlow -->
  <testcase name="stopBgvFlow4" time="0.0" classname="test.attest360.testCases.Fresher">
    <ignored/>
  </testcase> <!-- stopBgvFlow4 -->
  <testcase name="critirionQaVerifiLogin" time="0.0" classname="test.attest360.testCases.Fresher">
    <ignored/>
  </testcase> <!-- critirionQaVerifiLogin -->
  <testcase name="stopBgvFlow2" time="0.0" classname="test.attest360.testCases.Fresher">
    <ignored/>
  </testcase> <!-- stopBgvFlow2 -->
  <testcase name="verifiertoDataEntryRejection" time="0.0" classname="test.attest360.testCases.Fresher">
    <ignored/>
  </testcase> <!-- verifiertoDataEntryRejection -->
  <testcase name="stopBgvFlow3" time="0.0" classname="test.attest360.testCases.Fresher">
    <ignored/>
  </testcase> <!-- stopBgvFlow3 -->
  <testcase name="logoutAsVerifier" time="0.0" classname="test.attest360.testCases.Fresher">
    <ignored/>
  </testcase> <!-- logoutAsVerifier -->
  <testcase name="verifierDecision" time="0.0" classname="test.attest360.testCases.Fresher">
    <ignored/>
  </testcase> <!-- verifierDecision -->
  <testcase name="stopBgvFlow1" time="0.0" classname="test.attest360.testCases.Fresher">
    <ignored/>
  </testcase> <!-- stopBgvFlow1 -->
</testsuite> <!-- Test -->
